<?xml version="1.0" encoding="UTF-8"?>
<testsuite xmlns:xsi="http://www.w3.org/2001/XMLSchema-instance" xsi:noNamespaceSchemaLocation="https://maven.apache.org/surefire/maven-surefire-plugin/xsd/surefire-test-report.xsd" name="TestSuite" time="0.462" tests="4" errors="0" skipped="0" failures="0">
  <properties>
    <property name="sun.desktop" value="windows"/>
    <property name="awt.toolkit" value="sun.awt.windows.WToolkit"/>
    <property name="file.encoding.pkg" value="sun.io"/>
    <property name="java.specification.version" value="1.8"/>
    <property name="sun.cpu.isalist" value="amd64"/>
    <property name="sun.jnu.encoding" value="Cp1252"/>
    <property name="java.class.path" value="C:\Users\akkyu01\eclipse-workspace\JavaTraining\MavenDemoTest\target\test-classes;C:\Users\akkyu01\eclipse-workspace\JavaTraining\MavenDemoTest\target\classes;C:\Users\akkyu01\.m2\repository\org\testng\testng\6.11\testng-6.11.jar;C:\Users\akkyu01\.m2\repository\com\beust\jcommander\1.64\jcommander-1.64.jar;C:\Users\akkyu01\.m2\repository\org\yaml\snakeyaml\1.17\snakeyaml-1.17.jar;C:\Users\akkyu01\.m2\repository\org\apache\maven\surefire\surefire-testng-utils\2.22.0\surefire-testng-utils-2.22.0.jar;C:\Users\akkyu01\.m2\repository\org\apache\maven\surefire\surefire-grouper\2.22.0\surefire-grouper-2.22.0.jar;"/>
    <property name="java.vm.vendor" value="Oracle Corporation"/>
    <property name="sun.arch.data.model" value="64"/>
    <property name="user.variant" value=""/>
    <property name="java.vendor.url" value="http://java.oracle.com/"/>
    <property name="user.timezone" value="Asia/Calcutta"/>
    <property name="java.vm.specification.version" value="1.8"/>
    <property name="os.name" value="Windows 10"/>
    <property name="user.country" value="US"/>
    <property name="sun.java.launcher" value="SUN_STANDARD"/>
    <property name="sun.boot.library.path" value="C:\Program Files\Java\jre1.8.0_181\bin"/>
    <property name="sun.java.command" value="C:\Users\akkyu01\AppData\Local\Temp\1\surefire4376083083498652898\surefirebooter2169398522378342484.jar C:\Users\akkyu01\AppData\Local\Temp\1\surefire4376083083498652898 2018-09-13T19-30-36_840-jvmRun1 surefire6381969996403043232tmp surefire_04789487982556057338tmp"/>
    <property name="surefire.test.class.path" value="C:\Users\akkyu01\eclipse-workspace\JavaTraining\MavenDemoTest\target\test-classes;C:\Users\akkyu01\eclipse-workspace\JavaTraining\MavenDemoTest\target\classes;C:\Users\akkyu01\.m2\repository\org\testng\testng\6.11\testng-6.11.jar;C:\Users\akkyu01\.m2\repository\com\beust\jcommander\1.64\jcommander-1.64.jar;C:\Users\akkyu01\.m2\repository\org\yaml\snakeyaml\1.17\snakeyaml-1.17.jar;C:\Users\akkyu01\.m2\repository\org\apache\maven\surefire\surefire-testng-utils\2.22.0\surefire-testng-utils-2.22.0.jar;C:\Users\akkyu01\.m2\repository\org\apache\maven\surefire\surefire-grouper\2.22.0\surefire-grouper-2.22.0.jar;"/>
    <property name="sun.cpu.endian" value="little"/>
    <property name="user.home" value="C:\Users\akkyu01"/>
    <property name="user.language" value="en"/>
    <property name="java.specification.vendor" value="Oracle Corporation"/>
    <property name="java.home" value="C:\Program Files\Java\jre1.8.0_181"/>
    <property name="basedir" value="C:\Users\akkyu01\eclipse-workspace\JavaTraining\MavenDemoTest"/>
    <property name="file.separator" value="\"/>
    <property name="line.separator" value="&#10;"/>
    <property name="java.vm.specification.vendor" value="Oracle Corporation"/>
    <property name="java.specification.name" value="Java Platform API Specification"/>
    <property name="java.awt.graphicsenv" value="sun.awt.Win32GraphicsEnvironment"/>
    <property name="surefire.real.class.path" value="C:\Users\akkyu01\AppData\Local\Temp\1\surefire4376083083498652898\surefirebooter2169398522378342484.jar"/>
    <property name="sun.boot.class.path" value="C:\Program Files\Java\jre1.8.0_181\lib\resources.jar;C:\Program Files\Java\jre1.8.0_181\lib\rt.jar;C:\Program Files\Java\jre1.8.0_181\lib\sunrsasign.jar;C:\Program Files\Java\jre1.8.0_181\lib\jsse.jar;C:\Program Files\Java\jre1.8.0_181\lib\jce.jar;C:\Program Files\Java\jre1.8.0_181\lib\charsets.jar;C:\Program Files\Java\jre1.8.0_181\lib\jfr.jar;C:\Program Files\Java\jre1.8.0_181\classes"/>
    <property name="user.script" value=""/>
    <property name="sun.management.compiler" value="HotSpot 64-Bit Tiered Compilers"/>
    <property name="java.runtime.version" value="1.8.0_181-b13"/>
    <property name="user.name" value="akkyu01"/>
    <property name="path.separator" value=";"/>
    <property name="os.version" value="10.0"/>
    <property name="java.endorsed.dirs" value="C:\Program Files\Java\jre1.8.0_181\lib\endorsed"/>
    <property name="java.runtime.name" value="Java(TM) SE Runtime Environment"/>
    <property name="file.encoding" value="Cp1252"/>
    <property name="java.vm.name" value="Java HotSpot(TM) 64-Bit Server VM"/>
    <property name="localRepository" value="C:\Users\akkyu01\.m2\repository"/>
    <property name="java.vendor.url.bug" value="http://bugreport.sun.com/bugreport/"/>
    <property name="java.io.tmpdir" value="C:\Users\akkyu01\AppData\Local\Temp\1\"/>
    <property name="java.version" value="1.8.0_181"/>
    <property name="user.dir" value="C:\Users\akkyu01\eclipse-workspace\JavaTraining\MavenDemoTest"/>
    <property name="os.arch" value="amd64"/>
    <property name="java.vm.specification.name" value="Java Virtual Machine Specification"/>
    <property name="java.awt.printerjob" value="sun.awt.windows.WPrinterJob"/>
    <property name="sun.os.patch.level" value=""/>
    <property name="java.library.path" value="C:\Program Files\Java\jre1.8.0_181\bin;C:\Windows\Sun\Java\bin;C:\Windows\system32;C:\Windows;C:\Users\akkyu01\.jenkins\tools\hudson.tasks.Maven_MavenInstallation\TestMaven/bin;C:\Program Files (x86)\Common Files\Oracle\Java\javapath;C:\Program Files (x86)\CA\SC\CAWIN\;C:\Windows\system32;C:\Windows;C:\Windows\System32\Wbem;C:\Windows\System32\WindowsPowerShell\v1.0\;C:\Program Files (x86)\CA\SC\Csam\SockAdapter\bin;C:\Program Files (x86)\CA\SC\Csam\SockAdapter\bin64;C:\Program Files (x86)\CA\DSM\bin;C:\Program Files (x86)\CA\SC\CBB\;C:\PROGRA~2\CA\SC\CAM\bin;C:\Users\akkyu01\AppData\Local\Microsoft\WindowsApps;."/>
    <property name="java.vm.info" value="mixed mode"/>
    <property name="java.vendor" value="Oracle Corporation"/>
    <property name="java.vm.version" value="25.181-b13"/>
    <property name="java.ext.dirs" value="C:\Program Files\Java\jre1.8.0_181\lib\ext;C:\Windows\Sun\Java\lib\ext"/>
    <property name="sun.io.unicode.encoding" value="UnicodeLittle"/>
    <property name="java.class.version" value="52.0"/>
  </properties>
  <testcase name="sub" classname="com.maven.demo.DemoTest2" time="0.009"/>
  <testcase name="sum" classname="com.maven.demo.DemoTest2" time="0"/>
  <testcase name="sub" classname="com.maven.demo.DemoTest" time="0"/>
  <testcase name="sum" classname="com.maven.demo.DemoTest" time="0"/>
</testsuite>