<?xml version="1.0" encoding="UTF-8"?>
<!-- Generated by org.testng.reporters.JUnitReportReporter -->
<testsuite skipped="0" hostname="AKKYU01-5520" name="com.maven.demo.DemoTest" tests="2" failures="0" timestamp="13 Sep 2018 14:00:38 GMT" time="0.000" errors="0">
  <testcase name="sum" time="0.000" classname="com.maven.demo.DemoTest"/>
  <testcase name="sub" time="0.000" classname="com.maven.demo.DemoTest"/>
</testsuite> <!-- com.maven.demo.DemoTest -->
